[2023-04-26 16:36:33] production.INFO: Please provide a valid cache path.  
[2023-04-26 16:36:33] production.ERROR: Please provide a valid cache path. {"exception":"[object] (InvalidArgumentException(code: 0): Please provide a valid cache path. at /home/anywhereanycity/public_html/fashion/vendor/laravel/framework/src/Illuminate/View/Compilers/Compiler.php:36)
[stacktrace]
#0 /home/anywhereanycity/public_html/fashion/vendor/laravel/framework/src/Illuminate/View/ViewServiceProvider.php(88): Illuminate\\View\\Compilers\\Compiler->__construct(Object(Illuminate\\Filesystem\\Filesystem), false)
#1 /home/anywhereanycity/public_html/fashion/vendor/laravel/framework/src/Illuminate/Container/Container.php(873): Illuminate\\View\\ViewServiceProvider->Illuminate\\View\\{closure}(Object(Illuminate\\Foundation\\Application), Array)
#2 /home/anywhereanycity/public_html/fashion/vendor/laravel/framework/src/Illuminate/Container/Container.php(758): Illuminate\\Container\\Container->build(Object(Closure))
#3 /home/anywhereanycity/public_html/fashion/vendor/laravel/framework/src/Illuminate/Foundation/Application.php(841): Illuminate\\Container\\Container->resolve('blade.compiler', Array, true)
#4 /home/anywhereanycity/public_html/fashion/vendor/laravel/framework/src/Illuminate/Container/Container.php(694): Illuminate\\Foundation\\Application->resolve('blade.compiler', Array)
#5 /home/anywhereanycity/public_html/fashion/vendor/laravel/framework/src/Illuminate/Foundation/Application.php(826): Illuminate\\Container\\Container->make('blade.compiler', Array)
#6 /home/anywhereanycity/public_html/fashion/vendor/laravel/framework/src/Illuminate/Container/Container.php(1423): Illuminate\\Foundation\\Application->make('blade.compiler')
#7 /home/anywhereanycity/public_html/fashion/vendor/laravel/framework/src/Illuminate/View/ViewServiceProvider.php(150): Illuminate\\Container\\Container->offsetGet('blade.compiler')
#8 [internal function]: Illuminate\\View\\ViewServiceProvider->Illuminate\\View\\{closure}()
#9 /home/anywhereanycity/public_html/fashion/vendor/laravel/framework/src/Illuminate/View/Engines/EngineResolver.php(55): call_user_func(Object(Closure))
#10 /home/anywhereanycity/public_html/fashion/vendor/laravel/framework/src/Illuminate/View/Factory.php(296): Illuminate\\View\\Engines\\EngineResolver->resolve('blade')
#11 /home/anywhereanycity/public_html/fashion/vendor/botble/shortcode/src/View/Factory.php(62): Illuminate\\View\\Factory->getEngineFromPath('/home/anywherea...')
#12 /home/anywhereanycity/public_html/fashion/vendor/laravel/framework/src/Illuminate/Foundation/helpers.php(932): Botble\\Shortcode\\View\\Factory->make('plugins/contact...', Array, Array)
#13 /home/anywhereanycity/public_html/fashion/platform/plugins/contact/src/Providers/HookServiceProvider.php(26): view('plugins/contact...')
#14 /home/anywhereanycity/public_html/fashion/vendor/laravel/framework/src/Illuminate/Container/BoundMethod.php(36): Botble\\Contact\\Providers\\HookServiceProvider->boot()
#15 /home/anywhereanycity/public_html/fashion/vendor/laravel/framework/src/Illuminate/Container/Util.php(40): Illuminate\\Container\\BoundMethod::Illuminate\\Container\\{closure}()
#16 /home/anywhereanycity/public_html/fashion/vendor/laravel/framework/src/Illuminate/Container/BoundMethod.php(93): Illuminate\\Container\\Util::unwrapIfClosure(Object(Closure))
#17 /home/anywhereanycity/public_html/fashion/vendor/laravel/framework/src/Illuminate/Container/BoundMethod.php(37): Illuminate\\Container\\BoundMethod::callBoundMethod(Object(Illuminate\\Foundation\\Application), Array, Object(Closure))
#18 /home/anywhereanycity/public_html/fashion/vendor/laravel/framework/src/Illuminate/Container/Container.php(653): Illuminate\\Container\\BoundMethod::call(Object(Illuminate\\Foundation\\Application), Array, Array, NULL)
#19 /home/anywhereanycity/public_html/fashion/vendor/laravel/framework/src/Illuminate/Foundation/Application.php(914): Illuminate\\Container\\Container->call(Array)
#20 /home/anywhereanycity/public_html/fashion/vendor/laravel/framework/src/Illuminate/Foundation/Application.php(695): Illuminate\\Foundation\\Application->bootProvider(Object(Botble\\Contact\\Providers\\HookServiceProvider))
#21 /home/anywhereanycity/public_html/fashion/platform/plugins/contact/src/Providers/ContactServiceProvider.php(61): Illuminate\\Foundation\\Application->register(Object(Botble\\Contact\\Providers\\HookServiceProvider))
#22 /home/anywhereanycity/public_html/fashion/vendor/laravel/framework/src/Illuminate/Foundation/Application.php(957): Botble\\Contact\\Providers\\ContactServiceProvider->Botble\\Contact\\Providers\\{closure}(Object(Illuminate\\Foundation\\Application))
#23 /home/anywhereanycity/public_html/fashion/vendor/laravel/framework/src/Illuminate/Foundation/Application.php(900): Illuminate\\Foundation\\Application->fireAppCallbacks(Array)
#24 /home/anywhereanycity/public_html/fashion/vendor/laravel/framework/src/Illuminate/Foundation/Bootstrap/BootProviders.php(17): Illuminate\\Foundation\\Application->boot()
#25 /home/anywhereanycity/public_html/fashion/vendor/laravel/framework/src/Illuminate/Foundation/Application.php(237): Illuminate\\Foundation\\Bootstrap\\BootProviders->bootstrap(Object(Illuminate\\Foundation\\Application))
#26 /home/anywhereanycity/public_html/fashion/vendor/laravel/framework/src/Illuminate/Foundation/Http/Kernel.php(153): Illuminate\\Foundation\\Application->bootstrapWith(Array)
#27 /home/anywhereanycity/public_html/fashion/vendor/laravel/framework/src/Illuminate/Foundation/Http/Kernel.php(137): Illuminate\\Foundation\\Http\\Kernel->bootstrap()
#28 /home/anywhereanycity/public_html/fashion/vendor/laravel/framework/src/Illuminate/Foundation/Http/Kernel.php(111): Illuminate\\Foundation\\Http\\Kernel->sendRequestThroughRouter(Object(Illuminate\\Http\\Request))
#29 /home/anywhereanycity/public_html/fashion/public/index.php(56): Illuminate\\Foundation\\Http\\Kernel->handle(Object(Illuminate\\Http\\Request))
#30 /home/anywhereanycity/public_html/fashion/index.php(21): require_once('/home/anywherea...')
#31 {main}
"} 
